[debug] [2026-03-13T02:16:12.019Z] ----------------------------------------------------------------------
[debug] [2026-03-13T02:16:12.022Z] Command:       /Users/jilianking/.nvm/versions/node/v22.14.0/bin/node /Users/jilianking/.nvm/versions/node/v22.14.0/bin/firebase deploy --only functions
[debug] [2026-03-13T02:16:12.022Z] CLI Version:   14.25.0
[debug] [2026-03-13T02:16:12.022Z] Platform:      darwin
[debug] [2026-03-13T02:16:12.023Z] Node Version:  v22.14.0
[debug] [2026-03-13T02:16:12.024Z] Time:          Thu Mar 12 2026 22:16:12 GMT-0400 (Eastern Daylight Time)
[debug] [2026-03-13T02:16:12.024Z] ----------------------------------------------------------------------
[debug] 
[debug] [2026-03-13T02:16:12.168Z] > command requires scopes: ["email","openid","https://www.googleapis.com/auth/cloudplatformprojects.readonly","https://www.googleapis.com/auth/firebase","https://www.googleapis.com/auth/cloud-platform"]
[debug] [2026-03-13T02:16:12.170Z] > authorizing via signed-in user (jilianmk70@gmail.com)
[debug] [2026-03-13T02:16:12.173Z] [iam] checking project test-app-96812 for permissions ["cloudfunctions.functions.create","cloudfunctions.functions.delete","cloudfunctions.functions.get","cloudfunctions.functions.list","cloudfunctions.functions.update","cloudfunctions.operations.get","firebase.projects.get"]
[debug] [2026-03-13T02:16:12.174Z] Checked if tokens are valid: true, expires at: 1773369594860
[debug] [2026-03-13T02:16:12.174Z] Checked if tokens are valid: true, expires at: 1773369594860
[debug] [2026-03-13T02:16:12.175Z] >>> [apiv2][query] POST https://cloudresourcemanager.googleapis.com/v1/projects/test-app-96812:testIamPermissions [none]
[debug] [2026-03-13T02:16:12.175Z] >>> [apiv2][(partial)header] POST https://cloudresourcemanager.googleapis.com/v1/projects/test-app-96812:testIamPermissions x-goog-quota-user=projects/test-app-96812
[debug] [2026-03-13T02:16:12.175Z] >>> [apiv2][body] POST https://cloudresourcemanager.googleapis.com/v1/projects/test-app-96812:testIamPermissions {"permissions":["cloudfunctions.functions.create","cloudfunctions.functions.delete","cloudfunctions.functions.get","cloudfunctions.functions.list","cloudfunctions.functions.update","cloudfunctions.operations.get","firebase.projects.get"]}
[debug] [2026-03-13T02:16:12.422Z] <<< [apiv2][status] POST https://cloudresourcemanager.googleapis.com/v1/projects/test-app-96812:testIamPermissions 200
[debug] [2026-03-13T02:16:12.422Z] <<< [apiv2][body] POST https://cloudresourcemanager.googleapis.com/v1/projects/test-app-96812:testIamPermissions {"permissions":["cloudfunctions.functions.create","cloudfunctions.functions.delete","cloudfunctions.functions.get","cloudfunctions.functions.list","cloudfunctions.functions.update","cloudfunctions.operations.get","firebase.projects.get"]}
[debug] [2026-03-13T02:16:12.423Z] Checked if tokens are valid: true, expires at: 1773369594860
[debug] [2026-03-13T02:16:12.423Z] Checked if tokens are valid: true, expires at: 1773369594860
[debug] [2026-03-13T02:16:12.423Z] >>> [apiv2][query] POST https://iam.googleapis.com/v1/projects/test-app-96812/serviceAccounts/test-app-96812@appspot.gserviceaccount.com:testIamPermissions [none]
[debug] [2026-03-13T02:16:12.423Z] >>> [apiv2][body] POST https://iam.googleapis.com/v1/projects/test-app-96812/serviceAccounts/test-app-96812@appspot.gserviceaccount.com:testIamPermissions {"permissions":["iam.serviceAccounts.actAs"]}
[debug] [2026-03-13T02:16:12.674Z] <<< [apiv2][status] POST https://iam.googleapis.com/v1/projects/test-app-96812/serviceAccounts/test-app-96812@appspot.gserviceaccount.com:testIamPermissions 200
[debug] [2026-03-13T02:16:12.674Z] <<< [apiv2][body] POST https://iam.googleapis.com/v1/projects/test-app-96812/serviceAccounts/test-app-96812@appspot.gserviceaccount.com:testIamPermissions {"permissions":["iam.serviceAccounts.actAs"]}
[info] 
[info] === Deploying to 'test-app-96812'...
[info] 
[info] i  deploying functions 
[debug] [2026-03-13T02:16:12.678Z] Checked if tokens are valid: true, expires at: 1773369594860
[debug] [2026-03-13T02:16:12.679Z] Checked if tokens are valid: true, expires at: 1773369594860
[debug] [2026-03-13T02:16:12.679Z] >>> [apiv2][query] GET https://cloudresourcemanager.googleapis.com/v1/projects/test-app-96812 [none]
[debug] [2026-03-13T02:16:12.818Z] <<< [apiv2][status] GET https://cloudresourcemanager.googleapis.com/v1/projects/test-app-96812 200
[debug] [2026-03-13T02:16:12.819Z] <<< [apiv2][body] GET https://cloudresourcemanager.googleapis.com/v1/projects/test-app-96812 {"projectNumber":"729589639948","projectId":"test-app-96812","lifecycleState":"ACTIVE","name":"Test app","labels":{"firebase":"enabled","firebase-core":"disabled"},"createTime":"2026-01-16T19:45:39.058009Z"}
[info] i  functions: preparing codebase default for deployment 
[info] i  functions: ensuring required API cloudfunctions.googleapis.com is enabled... 
[info] i  functions: ensuring required API cloudbuild.googleapis.com is enabled... 
[info] i  artifactregistry: ensuring required API artifactregistry.googleapis.com is enabled... 
[debug] [2026-03-13T02:16:12.822Z] Checked if tokens are valid: true, expires at: 1773369594860
[debug] [2026-03-13T02:16:12.822Z] Checked if tokens are valid: true, expires at: 1773369594860
[debug] [2026-03-13T02:16:12.822Z] >>> [apiv2][query] GET https://firebase.googleapis.com/v1beta1/projects/test-app-96812/adminSdkConfig [none]
[debug] [2026-03-13T02:16:13.306Z] <<< [apiv2][status] GET https://firebase.googleapis.com/v1beta1/projects/test-app-96812/adminSdkConfig 200
[debug] [2026-03-13T02:16:13.306Z] <<< [apiv2][body] GET https://firebase.googleapis.com/v1beta1/projects/test-app-96812/adminSdkConfig {"projectId":"test-app-96812","storageBucket":"test-app-96812.firebasestorage.app"}
[debug] [2026-03-13T02:16:13.308Z] Checked if tokens are valid: true, expires at: 1773369594860
[debug] [2026-03-13T02:16:13.308Z] Checked if tokens are valid: true, expires at: 1773369594860
[debug] [2026-03-13T02:16:13.309Z] >>> [apiv2][query] GET https://runtimeconfig.googleapis.com/v1beta1/projects/test-app-96812/configs [none]
[debug] [2026-03-13T02:16:13.638Z] <<< [apiv2][status] GET https://runtimeconfig.googleapis.com/v1beta1/projects/test-app-96812/configs 200
[debug] [2026-03-13T02:16:13.639Z] <<< [apiv2][body] GET https://runtimeconfig.googleapis.com/v1beta1/projects/test-app-96812/configs {}
[debug] [2026-03-13T02:16:13.643Z] Validating nodejs source
[warn] ⚠  functions: package.json indicates an outdated version of firebase-functions. Please upgrade using npm install --save firebase-functions@latest in your functions directory. 
[warn] ⚠  functions: Please note that there will be breaking changes when you upgrade. 
[debug] [2026-03-13T02:16:14.339Z] > [functions] package.json contents: {
  "name": "functions",
  "description": "Cloud Functions for GetBookKing payments (Stripe Connect)",
  "scripts": {
    "serve": "firebase emulators:start --only functions",
    "shell": "firebase functions:shell",
    "start": "npm run shell",
    "deploy": "firebase deploy --only functions",
    "logs": "firebase functions:log"
  },
  "engines": {
    "node": "22"
  },
  "main": "index.js",
  "dependencies": {
    "firebase-admin": "^12.0.0",
    "firebase-functions": "^4.8.0",
    "stripe": "^14.0.0"
  },
  "devDependencies": {
    "firebase-functions-test": "^3.1.0"
  },
  "private": true
}
[debug] [2026-03-13T02:16:14.339Z] Building nodejs source
[info] i  functions: Loading and analyzing source code for codebase default to determine what to deploy 
[info] i  functions: You are using a version of firebase-functions SDK (4.9.0) that does not have support for the newest Firebase Extensions features. Please update firebase-functions SDK to >=5.1.0 to use them correctly 
[debug] [2026-03-13T02:16:14.341Z] Could not find functions.yaml. Must use http discovery
[debug] [2026-03-13T02:16:14.352Z] Found firebase-functions binary at '/Users/jilianking/Projects/Test/functions/node_modules/.bin/firebase-functions'
[info] Serving at port 8406

[debug] [2026-03-13T02:16:14.848Z] Got response from /__/functions.yaml {"endpoints":{"createConnectAccountLink":{"platform":"gcfv1","labels":{},"availableMemoryMb":null,"timeoutSeconds":null,"minInstances":null,"maxInstances":null,"ingressSettings":null,"serviceAccountEmail":null,"vpc":null,"secretEnvironmentVariables":[{"key":"STRIPE_SECRET_KEY"}],"callableTrigger":{},"entryPoint":"createConnectAccountLink"},"getConnectAccountStatus":{"platform":"gcfv1","labels":{},"availableMemoryMb":null,"timeoutSeconds":null,"minInstances":null,"maxInstances":null,"ingressSettings":null,"serviceAccountEmail":null,"vpc":null,"secretEnvironmentVariables":[{"key":"STRIPE_SECRET_KEY"}],"callableTrigger":{},"entryPoint":"getConnectAccountStatus"},"getConnectBalance":{"platform":"gcfv1","labels":{},"availableMemoryMb":null,"timeoutSeconds":null,"minInstances":null,"maxInstances":null,"ingressSettings":null,"serviceAccountEmail":null,"vpc":null,"secretEnvironmentVariables":[{"key":"STRIPE_SECRET_KEY"}],"callableTrigger":{},"entryPoint":"getConnectBalance"},"createPayout":{"platform":"gcfv1","labels":{},"availableMemoryMb":null,"timeoutSeconds":null,"minInstances":null,"maxInstances":null,"ingressSettings":null,"serviceAccountEmail":null,"vpc":null,"secretEnvironmentVariables":[{"key":"STRIPE_SECRET_KEY"}],"callableTrigger":{},"entryPoint":"createPayout"},"createDepositLink":{"platform":"gcfv1","labels":{},"availableMemoryMb":null,"timeoutSeconds":null,"minInstances":null,"maxInstances":null,"ingressSettings":null,"serviceAccountEmail":null,"vpc":null,"secretEnvironmentVariables":[{"key":"STRIPE_SECRET_KEY"}],"callableTrigger":{},"entryPoint":"createDepositLink"},"getConnectBalanceTransactions":{"platform":"gcfv1","labels":{},"availableMemoryMb":null,"timeoutSeconds":null,"minInstances":null,"maxInstances":null,"ingressSettings":null,"serviceAccountEmail":null,"vpc":null,"secretEnvironmentVariables":[{"key":"STRIPE_SECRET_KEY"}],"callableTrigger":{},"entryPoint":"getConnectBalanceTransactions"},"getReceiptUrl":{"platform":"gcfv1","labels":{},"availableMemoryMb":null,"timeoutSeconds":null,"minInstances":null,"maxInstances":null,"ingressSettings":null,"serviceAccountEmail":null,"vpc":null,"secretEnvironmentVariables":[{"key":"STRIPE_SECRET_KEY"}],"callableTrigger":{},"entryPoint":"getReceiptUrl"},"createRefund":{"platform":"gcfv1","labels":{},"availableMemoryMb":null,"timeoutSeconds":null,"minInstances":null,"maxInstances":null,"ingressSettings":null,"serviceAccountEmail":null,"vpc":null,"secretEnvironmentVariables":[{"key":"STRIPE_SECRET_KEY"}],"callableTrigger":{},"entryPoint":"createRefund"},"createBookingRequestFromWeb":{"platform":"gcfv1","labels":{},"availableMemoryMb":null,"timeoutSeconds":null,"minInstances":null,"maxInstances":null,"ingressSettings":null,"serviceAccountEmail":null,"vpc":null,"callableTrigger":{},"entryPoint":"createBookingRequestFromWeb"},"createPaymentIntentForTapToPay":{"platform":"gcfv1","labels":{},"availableMemoryMb":null,"timeoutSeconds":null,"minInstances":null,"maxInstances":null,"ingressSettings":null,"serviceAccountEmail":null,"vpc":null,"secretEnvironmentVariables":[{"key":"STRIPE_SECRET_KEY"}],"callableTrigger":{},"entryPoint":"createPaymentIntentForTapToPay"}},"specVersion":"v1alpha1","requiredAPIs":[],"params":[{"type":"secret","name":"STRIPE_SECRET_KEY"}]}
[debug] [2026-03-13T02:16:18.907Z] Checked if tokens are valid: true, expires at: 1773369594860
[debug] [2026-03-13T02:16:18.907Z] Checked if tokens are valid: true, expires at: 1773369594860
[debug] [2026-03-13T02:16:18.908Z] >>> [apiv2][query] GET https://secretmanager.googleapis.com/v1/projects/test-app-96812/secrets/STRIPE_SECRET_KEY [none]
[debug] [2026-03-13T02:16:19.236Z] <<< [apiv2][status] GET https://secretmanager.googleapis.com/v1/projects/test-app-96812/secrets/STRIPE_SECRET_KEY 200
[debug] [2026-03-13T02:16:19.236Z] <<< [apiv2][body] GET https://secretmanager.googleapis.com/v1/projects/test-app-96812/secrets/STRIPE_SECRET_KEY {"name":"projects/729589639948/secrets/STRIPE_SECRET_KEY","replication":{"automatic":{}},"createTime":"2026-03-01T23:09:16.055160Z","labels":{"firebase-managed":"functions"},"etag":"\"164bfe8f2dfffd\""}
[debug] [2026-03-13T02:16:19.237Z] Checked if tokens are valid: true, expires at: 1773369594860
[debug] [2026-03-13T02:16:19.237Z] Checked if tokens are valid: true, expires at: 1773369594860
[debug] [2026-03-13T02:16:19.237Z] >>> [apiv2][query] GET https://secretmanager.googleapis.com/v1/projects/test-app-96812/secrets/STRIPE_SECRET_KEY/versions/latest [none]
[debug] [2026-03-13T02:16:19.349Z] <<< [apiv2][status] GET https://secretmanager.googleapis.com/v1/projects/test-app-96812/secrets/STRIPE_SECRET_KEY/versions/latest 200
[debug] [2026-03-13T02:16:19.350Z] <<< [apiv2][body] GET https://secretmanager.googleapis.com/v1/projects/test-app-96812/secrets/STRIPE_SECRET_KEY/versions/latest {"name":"projects/729589639948/secrets/STRIPE_SECRET_KEY/versions/3","createTime":"2026-03-02T00:15:37.572491Z","state":"ENABLED","replicationStatus":{"automatic":{}},"etag":"\"164bff7c7cf88b\""}
[info] i  functions: preparing functions directory for uploading... 
[info] i  functions: packaged /Users/jilianking/Projects/Test/functions (72.58 KB) for uploading 
[debug] [2026-03-13T02:16:19.412Z] Checked if tokens are valid: true, expires at: 1773369594860
[debug] [2026-03-13T02:16:19.412Z] Checked if tokens are valid: true, expires at: 1773369594860
[debug] [2026-03-13T02:16:19.412Z] >>> [apiv2][query] GET https://cloudfunctions.googleapis.com/v1/projects/test-app-96812/locations/-/functions [none]
[debug] [2026-03-13T02:16:20.071Z] <<< [apiv2][status] GET https://cloudfunctions.googleapis.com/v1/projects/test-app-96812/locations/-/functions 200
[debug] [2026-03-13T02:16:20.071Z] <<< [apiv2][body] GET https://cloudfunctions.googleapis.com/v1/projects/test-app-96812/locations/-/functions {"functions":[{"name":"projects/test-app-96812/locations/us-central1/functions/getConnectBalanceTransactions","httpsTrigger":{"url":"https://us-central1-test-app-96812.cloudfunctions.net/getConnectBalanceTransactions","securityLevel":"SECURE_ALWAYS"},"status":"ACTIVE","entryPoint":"getConnectBalanceTransactions","timeout":"60s","availableMemoryMb":256,"serviceAccountEmail":"test-app-96812@appspot.gserviceaccount.com","updateTime":"2026-03-09T16:52:24.773Z","versionId":"5","labels":{"deployment-tool":"cli-firebase","deployment-callable":"true","firebase-functions-hash":"fd8d3f770f2a0668eba890ea6ceea8ac3dcd38cc"},"sourceUploadUrl":"https://storage.googleapis.com/uploads-602650464306.us-central1.cloudfunctions.appspot.com/daf624f1-c6b4-4cad-ba90-e55df0155646.zip","environmentVariables":{"FIREBASE_CONFIG":"{\"projectId\":\"test-app-96812\",\"storageBucket\":\"test-app-96812.firebasestorage.app\"}","GCLOUD_PROJECT":"test-app-96812","EVENTARC_CLOUD_EVENT_SOURCE":"projects/test-app-96812/locations/us-central1/functions/getConnectBalanceTransactions"},"runtime":"nodejs22","ingressSettings":"ALLOW_ALL","buildId":"dc735c87-a283-4e1f-abe7-0a60258d43fe","buildEnvironmentVariables":{"GOOGLE_NODE_RUN_SCRIPTS":""},"secretEnvironmentVariables":[{"key":"STRIPE_SECRET_KEY","projectId":"729589639948","secret":"STRIPE_SECRET_KEY","version":"3"}],"buildName":"projects/729589639948/locations/us-central1/builds/dc735c87-a283-4e1f-abe7-0a60258d43fe","dockerRegistry":"ARTIFACT_REGISTRY","automaticUpdatePolicy":{},"buildServiceAccount":"projects/test-app-96812/serviceAccounts/729589639948-compute@developer.gserviceaccount.com","satisfiesPzi":true},{"name":"projects/test-app-96812/locations/us-central1/functions/createBookingRequestFromWeb","httpsTrigger":{"url":"https://us-central1-test-app-96812.cloudfunctions.net/createBookingRequestFromWeb","securityLevel":"SECURE_ALWAYS"},"status":"ACTIVE","entryPoint":"createBookingRequestFromWeb","timeout":"60s","availableMemoryMb":256,"serviceAccountEmail":"test-app-96812@appspot.gserviceaccount.com","updateTime":"2026-03-09T16:52:25.370Z","versionId":"4","labels":{"deployment-tool":"cli-firebase","deployment-callable":"true","firebase-functions-hash":"daac544b7b4654016d88746871c370e738d59fd3"},"sourceUploadUrl":"https://storage.googleapis.com/uploads-602650464306.us-central1.cloudfunctions.appspot.com/daf624f1-c6b4-4cad-ba90-e55df0155646.zip","environmentVariables":{"FIREBASE_CONFIG":"{\"projectId\":\"test-app-96812\",\"storageBucket\":\"test-app-96812.firebasestorage.app\"}","GCLOUD_PROJECT":"test-app-96812","EVENTARC_CLOUD_EVENT_SOURCE":"projects/test-app-96812/locations/us-central1/functions/createBookingRequestFromWeb"},"runtime":"nodejs22","ingressSettings":"ALLOW_ALL","buildId":"dc735c87-a283-4e1f-abe7-0a60258d43fe","buildEnvironmentVariables":{"GOOGLE_NODE_RUN_SCRIPTS":""},"buildName":"projects/729589639948/locations/us-central1/builds/dc735c87-a283-4e1f-abe7-0a60258d43fe","dockerRegistry":"ARTIFACT_REGISTRY","automaticUpdatePolicy":{},"buildServiceAccount":"projects/test-app-96812/serviceAccounts/729589639948-compute@developer.gserviceaccount.com","satisfiesPzi":true},{"name":"projects/test-app-96812/locations/us-central1/functions/getConnectBalance","httpsTrigger":{"url":"https://us-central1-test-app-96812.cloudfunctions.net/getConnectBalance","securityLevel":"SECURE_ALWAYS"},"status":"ACTIVE","entryPoint":"getConnectBalance","timeout":"60s","availableMemoryMb":256,"serviceAccountEmail":"test-app-96812@appspot.gserviceaccount.com","updateTime":"2026-03-09T16:52:28.846Z","versionId":"6","labels":{"deployment-tool":"cli-firebase","deployment-callable":"true","firebase-functions-hash":"fd8d3f770f2a0668eba890ea6ceea8ac3dcd38cc"},"sourceUploadUrl":"https://storage.googleapis.com/uploads-602650464306.us-central1.cloudfunctions.appspot.com/daf624f1-c6b4-4cad-ba90-e55df0155646.zip","environmentVariables":{"FIREBASE_CONFIG":"{\"projectId\":\"test-app-96812\",\"storageBucket\":\"test-app-96812.firebasestorage.app\"}","GCLOUD_PROJECT":"test-app-96812","EVENTARC_CLOUD_EVENT_SOURCE":"projects/test-app-96812/locations/us-central1/functions/getConnectBalance"},"runtime":"nodejs22","ingressSettings":"ALLOW_ALL","buildId":"dc735c87-a283-4e1f-abe7-0a60258d43fe","buildEnvironmentVariables":{"GOOGLE_NODE_RUN_SCRIPTS":""},"secretEnvironmentVariables":[{"key":"STRIPE_SECRET_KEY","projectId":"729589639948","secret":"STRIPE_SECRET_KEY","version":"3"}],"buildName":"projects/729589639948/locations/us-central1/builds/dc735c87-a283-4e1f-abe7-0a60258d43fe","dockerRegistry":"ARTIFACT_REGISTRY","automaticUpdatePolicy":{},"buildServiceAccount":"projects/test-app-96812/serviceAccounts/729589639948-compute@developer.gserviceaccount.com","satisfiesPzi":true},{"name":"projects/test-app-96812/locations/us-central1/functions/createStripeDashboardLoginLink","httpsTrigger":{"url":"https://us-central1-test-app-96812.cloudfunctions.net/createStripeDashboardLoginLink","securityLevel":"SECURE_ALWAYS"},"status":"ACTIVE","entryPoint":"createStripeDashboardLoginLink","timeout":"60s","availableMemoryMb":256,"serviceAccountEmail":"test-app-96812@appspot.gserviceaccount.com","updateTime":"2026-03-09T16:52:23.752628688Z","versionId":"1","labels":{"deployment-tool":"cli-firebase","deployment-callable":"true","firebase-functions-hash":"fd8d3f770f2a0668eba890ea6ceea8ac3dcd38cc"},"sourceUploadUrl":"https://storage.googleapis.com/uploads-602650464306.us-central1.cloudfunctions.appspot.com/daf624f1-c6b4-4cad-ba90-e55df0155646.zip","environmentVariables":{"FIREBASE_CONFIG":"{\"projectId\":\"test-app-96812\",\"storageBucket\":\"test-app-96812.firebasestorage.app\"}","GCLOUD_PROJECT":"test-app-96812","EVENTARC_CLOUD_EVENT_SOURCE":"projects/test-app-96812/locations/us-central1/functions/createStripeDashboardLoginLink"},"runtime":"nodejs22","ingressSettings":"ALLOW_ALL","buildId":"dc735c87-a283-4e1f-abe7-0a60258d43fe","buildEnvironmentVariables":{"GOOGLE_NODE_RUN_SCRIPTS":""},"secretEnvironmentVariables":[{"key":"STRIPE_SECRET_KEY","projectId":"729589639948","secret":"STRIPE_SECRET_KEY","version":"3"}],"buildName":"projects/729589639948/locations/us-central1/builds/dc735c87-a283-4e1f-abe7-0a60258d43fe","dockerRegistry":"ARTIFACT_REGISTRY","automaticUpdatePolicy":{},"buildServiceAccount":"projects/test-app-96812/serviceAccounts/729589639948-compute@developer.gserviceaccount.com","satisfiesPzi":true},{"name":"projects/test-app-96812/locations/us-central1/functions/getReceiptUrl","httpsTrigger":{"url":"https://us-central1-test-app-96812.cloudfunctions.net/getReceiptUrl","securityLevel":"SECURE_ALWAYS"},"status":"ACTIVE","entryPoint":"getReceiptUrl","timeout":"60s","availableMemoryMb":256,"serviceAccountEmail":"test-app-96812@appspot.gserviceaccount.com","updateTime":"2026-03-09T16:52:24.805Z","versionId":"2","labels":{"deployment-tool":"cli-firebase","deployment-callable":"true","firebase-functions-hash":"fd8d3f770f2a0668eba890ea6ceea8ac3dcd38cc"},"sourceUploadUrl":"https://storage.googleapis.com/uploads-602650464306.us-central1.cloudfunctions.appspot.com/daf624f1-c6b4-4cad-ba90-e55df0155646.zip","environmentVariables":{"FIREBASE_CONFIG":"{\"projectId\":\"test-app-96812\",\"storageBucket\":\"test-app-96812.firebasestorage.app\"}","GCLOUD_PROJECT":"test-app-96812","EVENTARC_CLOUD_EVENT_SOURCE":"projects/test-app-96812/locations/us-central1/functions/getReceiptUrl"},"runtime":"nodejs22","ingressSettings":"ALLOW_ALL","buildId":"dc735c87-a283-4e1f-abe7-0a60258d43fe","buildEnvironmentVariables":{"GOOGLE_NODE_RUN_SCRIPTS":""},"secretEnvironmentVariables":[{"key":"STRIPE_SECRET_KEY","projectId":"729589639948","secret":"STRIPE_SECRET_KEY","version":"3"}],"buildName":"projects/729589639948/locations/us-central1/builds/dc735c87-a283-4e1f-abe7-0a60258d43fe","dockerRegistry":"ARTIFACT_REGISTRY","automaticUpdatePolicy":{},"buildServiceAccount":"projects/test-app-96812/serviceAccounts/729589639948-compute@developer.gserviceaccount.com","satisfiesPzi":true},{"name":"projects/test-app-96812/locations/us-central1/functions/createRefund","httpsTrigger":{"url":"https://us-central1-test-app-96812.cloudfunctions.net/createRefund","securityLevel":"SECURE_ALWAYS"},"status":"ACTIVE","entryPoint":"createRefund","timeout":"60s","availableMemoryMb":256,"serviceAccountEmail":"test-app-96812@appspot.gserviceaccount.com","updateTime":"2026-03-09T16:52:28.681Z","versionId":"2","labels":{"deployment-tool":"cli-firebase","deployment-callable":"true","firebase-functions-hash":"fd8d3f770f2a0668eba890ea6ceea8ac3dcd38cc"},"sourceUploadUrl":"https://storage.googleapis.com/uploads-602650464306.us-central1.cloudfunctions.appspot.com/daf624f1-c6b4-4cad-ba90-e55df0155646.zip","environmentVariables":{"FIREBASE_CONFIG":"{\"projectId\":\"test-app-96812\",\"storageBucket\":\"test-app-96812.firebasestorage.app\"}","GCLOUD_PROJECT":"test-app-96812","EVENTARC_CLOUD_EVENT_SOURCE":"projects/test-app-96812/locations/us-central1/functions/createRefund"},"runtime":"nodejs22","ingressSettings":"ALLOW_ALL","buildId":"dc735c87-a283-4e1f-abe7-0a60258d43fe","buildEnvironmentVariables":{"GOOGLE_NODE_RUN_SCRIPTS":""},"secretEnvironmentVariables":[{"key":"STRIPE_SECRET_KEY","projectId":"729589639948","secret":"STRIPE_SECRET_KEY","version":"3"}],"buildName":"projects/729589639948/locations/us-central1/builds/dc735c87-a283-4e1f-abe7-0a60258d43fe","dockerRegistry":"ARTIFACT_REGISTRY","automaticUpdatePolicy":{},"buildServiceAccount":"projects/test-app-96812/serviceAccounts/729589639948-compute@developer.gserviceaccount.com","satisfiesPzi":true},{"name":"projects/test-app-96812/locations/us-central1/functions/createPayout","httpsTrigger":{"url":"https://us-central1-test-app-96812.cloudfunctions.net/createPayout","securityLevel":"SECURE_ALWAYS"},"status":"ACTIVE","entryPoint":"createPayout","timeout":"60s","availableMemoryMb":256,"serviceAccountEmail":"test-app-96812@appspot.gserviceaccount.com","updateTime":"2026-03-09T16:52:27.731Z","versionId":"6","labels":{"deployment-callable":"true","firebase-functions-hash":"fd8d3f770f2a0668eba890ea6ceea8ac3dcd38cc","deployment-tool":"cli-firebase"},"sourceUploadUrl":"https://storage.googleapis.com/uploads-602650464306.us-central1.cloudfunctions.appspot.com/daf624f1-c6b4-4cad-ba90-e55df0155646.zip","environmentVariables":{"FIREBASE_CONFIG":"{\"projectId\":\"test-app-96812\",\"storageBucket\":\"test-app-96812.firebasestorage.app\"}","GCLOUD_PROJECT":"test-app-96812","EVENTARC_CLOUD_EVENT_SOURCE":"projects/test-app-96812/locations/us-central1/functions/createPayout"},"runtime":"nodejs22","ingressSettings":"ALLOW_ALL","buildId":"dc735c87-a283-4e1f-abe7-0a60258d43fe","buildEnvironmentVariables":{"GOOGLE_NODE_RUN_SCRIPTS":""},"secretEnvironmentVariables":[{"key":"STRIPE_SECRET_KEY","projectId":"729589639948","secret":"STRIPE_SECRET_KEY","version":"3"}],"buildName":"projects/729589639948/locations/us-central1/builds/dc735c87-a283-4e1f-abe7-0a60258d43fe","dockerRegistry":"ARTIFACT_REGISTRY","automaticUpdatePolicy":{},"buildServiceAccount":"projects/test-app-96812/serviceAccounts/729589639948-compute@developer.gserviceaccount.com","satisfiesPzi":true},{"name":"projects/test-app-96812/locations/us-central1/functions/createPaymentIntentForTapToPay","httpsTrigger":{"url":"https://us-central1-test-app-96812.cloudfunctions.net/createPaymentIntentForTapToPay","securityLevel":"SECURE_ALWAYS"},"status":"ACTIVE","entryPoint":"createPaymentIntentForTapToPay","timeout":"60s","availableMemoryMb":256,"serviceAccountEmail":"test-app-96812@appspot.gserviceaccount.com","updateTime":"2026-03-09T16:52:25.065Z","versionId":"6","labels":{"deployment-tool":"cli-firebase","deployment-callable":"true","firebase-functions-hash":"fd8d3f770f2a0668eba890ea6ceea8ac3dcd38cc"},"sourceUploadUrl":"https://storage.googleapis.com/uploads-602650464306.us-central1.cloudfunctions.appspot.com/daf624f1-c6b4-4cad-ba90-e55df0155646.zip","environmentVariables":{"FIREBASE_CONFIG":"{\"projectId\":\"test-app-96812\",\"storageBucket\":\"test-app-96812.firebasestorage.app\"}","GCLOUD_PROJECT":"test-app-96812","EVENTARC_CLOUD_EVENT_SOURCE":"projects/test-app-96812/locations/us-central1/functions/createPaymentIntentForTapToPay"},"runtime":"nodejs22","ingressSettings":"ALLOW_ALL","buildId":"dc735c87-a283-4e1f-abe7-0a60258d43fe","buildEnvironmentVariables":{"GOOGLE_NODE_RUN_SCRIPTS":""},"secretEnvironmentVariables":[{"key":"STRIPE_SECRET_KEY","projectId":"729589639948","secret":"STRIPE_SECRET_KEY","version":"3"}],"buildName":"projects/729589639948/locations/us-central1/builds/dc735c87-a283-4e1f-abe7-0a60258d43fe","dockerRegistry":"ARTIFACT_REGISTRY","automaticUpdatePolicy":{},"buildServiceAccount":"projects/test-app-96812/serviceAccounts/729589639948-compute@developer.gserviceaccount.com","satisfiesPzi":true},{"name":"projects/test-app-96812/locations/us-central1/functions/createConnectAccountLink","httpsTrigger":{"url":"https://us-central1-test-app-96812.cloudfunctions.net/createConnectAccountLink","securityLevel":"SECURE_ALWAYS"},"status":"ACTIVE","entryPoint":"createConnectAccountLink","timeout":"60s","availableMemoryMb":256,"serviceAccountEmail":"test-app-96812@appspot.gserviceaccount.com","updateTime":"2026-03-09T16:52:25.614Z","versionId":"13","labels":{"deployment-tool":"cli-firebase","deployment-callable":"true","firebase-functions-hash":"fd8d3f770f2a0668eba890ea6ceea8ac3dcd38cc"},"sourceUploadUrl":"https://storage.googleapis.com/uploads-602650464306.us-central1.cloudfunctions.appspot.com/daf624f1-c6b4-4cad-ba90-e55df0155646.zip","environmentVariables":{"FIREBASE_CONFIG":"{\"projectId\":\"test-app-96812\",\"storageBucket\":\"test-app-96812.firebasestorage.app\"}","GCLOUD_PROJECT":"test-app-96812","EVENTARC_CLOUD_EVENT_SOURCE":"projects/test-app-96812/locations/us-central1/functions/createConnectAccountLink"},"runtime":"nodejs22","ingressSettings":"ALLOW_ALL","buildId":"dc735c87-a283-4e1f-abe7-0a60258d43fe","buildEnvironmentVariables":{"GOOGLE_NODE_RUN_SCRIPTS":""},"secretEnvironmentVariables":[{"key":"STRIPE_SECRET_KEY","projectId":"729589639948","secret":"STRIPE_SECRET_KEY","version":"3"}],"buildName":"projects/729589639948/locations/us-central1/builds/dc735c87-a283-4e1f-abe7-0a60258d43fe","dockerRegistry":"ARTIFACT_REGISTRY","automaticUpdatePolicy":{},"buildServiceAccount":"projects/test-app-96812/serviceAccounts/729589639948-compute@developer.gserviceaccount.com","satisfiesPzi":true},{"name":"projects/test-app-96812/locations/us-central1/functions/getConnectAccountStatus","httpsTrigger":{"url":"https://us-central1-test-app-96812.cloudfunctions.net/getConnectAccountStatus","securityLevel":"SECURE_ALWAYS"},"status":"ACTIVE","entryPoint":"getConnectAccountStatus","timeout":"60s","availableMemoryMb":256,"serviceAccountEmail":"test-app-96812@appspot.gserviceaccount.com","updateTime":"2026-03-09T16:52:30.704Z","versionId":"8","labels":{"deployment-tool":"cli-firebase","deployment-callable":"true","firebase-functions-hash":"fd8d3f770f2a0668eba890ea6ceea8ac3dcd38cc"},"sourceUploadUrl":"https://storage.googleapis.com/uploads-602650464306.us-central1.cloudfunctions.appspot.com/daf624f1-c6b4-4cad-ba90-e55df0155646.zip","environmentVariables":{"FIREBASE_CONFIG":"{\"projectId\":\"test-app-96812\",\"storageBucket\":\"test-app-96812.firebasestorage.app\"}","GCLOUD_PROJECT":"test-app-96812","EVENTARC_CLOUD_EVENT_SOURCE":"projects/test-app-96812/locations/us-central1/functions/getConnectAccountStatus"},"runtime":"nodejs22","ingressSettings":"ALLOW_ALL","buildId":"dc735c87-a283-4e1f-abe7-0a60258d43fe","buildEnvironmentVariables":{"GOOGLE_NODE_RUN_SCRIPTS":""},"secretEnvironmentVariables":[{"key":"STRIPE_SECRET_KEY","projectId":"729589639948","secret":"STRIPE_SECRET_KEY","version":"3"}],"buildName":"projects/729589639948/locations/us-central1/builds/dc735c87-a283-4e1f-abe7-0a60258d43fe","dockerRegistry":"ARTIFACT_REGISTRY","automaticUpdatePolicy":{},"buildServiceAccount":"projects/test-app-96812/serviceAccounts/729589639948-compute@developer.gserviceaccount.com","satisfiesPzi":true},{"name":"projects/test-app-96812/locations/us-central1/functions/createDepositLink","httpsTrigger":{"url":"https://us-central1-test-app-96812.cloudfunctions.net/createDepositLink","securityLevel":"SECURE_ALWAYS"},"status":"ACTIVE","entryPoint":"createDepositLink","timeout":"60s","availableMemoryMb":256,"serviceAccountEmail":"test-app-96812@appspot.gserviceaccount.com","updateTime":"2026-03-09T16:52:28.713Z","versionId":"7","labels":{"firebase-functions-hash":"fd8d3f770f2a0668eba890ea6ceea8ac3dcd38cc","deployment-tool":"cli-firebase","deployment-callable":"true"},"sourceUploadUrl":"https://storage.googleapis.com/uploads-602650464306.us-central1.cloudfunctions.appspot.com/daf624f1-c6b4-4cad-ba90-e55df0155646.zip","environmentVariables":{"FIREBASE_CONFIG":"{\"projectId\":\"test-app-96812\",\"storageBucket\":\"test-app-96812.firebasestorage.app\"}","GCLOUD_PROJECT":"test-app-96812","EVENTARC_CLOUD_EVENT_SOURCE":"projects/test-app-96812/locations/us-central1/functions/createDepositLink"},"runtime":"nodejs22","ingressSettings":"ALLOW_ALL","buildId":"dc735c87-a283-4e1f-abe7-0a60258d43fe","buildEnvironmentVariables":{"GOOGLE_NODE_RUN_SCRIPTS":""},"secretEnvironmentVariables":[{"key":"STRIPE_SECRET_KEY","projectId":"729589639948","secret":"STRIPE_SECRET_KEY","version":"3"}],"buildName":"projects/729589639948/locations/us-central1/builds/dc735c87-a283-4e1f-abe7-0a60258d43fe","dockerRegistry":"ARTIFACT_REGISTRY","automaticUpdatePolicy":{},"buildServiceAccount":"projects/test-app-96812/serviceAccounts/729589639948-compute@developer.gserviceaccount.com","satisfiesPzi":true}]}
[debug] [2026-03-13T02:16:20.074Z] Checked if tokens are valid: true, expires at: 1773369594860
[debug] [2026-03-13T02:16:20.074Z] Checked if tokens are valid: true, expires at: 1773369594860
[debug] [2026-03-13T02:16:20.075Z] >>> [apiv2][query] GET https://cloudfunctions.googleapis.com/v2/projects/test-app-96812/locations/-/functions filter=environment%3D%22GEN_2%22
[debug] [2026-03-13T02:16:20.570Z] <<< [apiv2][status] GET https://cloudfunctions.googleapis.com/v2/projects/test-app-96812/locations/-/functions 200
[debug] [2026-03-13T02:16:20.571Z] <<< [apiv2][body] GET https://cloudfunctions.googleapis.com/v2/projects/test-app-96812/locations/-/functions {}
[info] i  functions: ensuring required API secretmanager.googleapis.com is enabled... 
[debug] [2026-03-13T02:16:20.585Z] Checked if tokens are valid: true, expires at: 1773369594860
[debug] [2026-03-13T02:16:20.585Z] Checked if tokens are valid: true, expires at: 1773369594860
[debug] [2026-03-13T02:16:20.586Z] >>> [apiv2][query] GET https://secretmanager.googleapis.com/v1/projects/test-app-96812/secrets/STRIPE_SECRET_KEY/versions/latest [none]
[debug] [2026-03-13T02:16:20.685Z] <<< [apiv2][status] GET https://secretmanager.googleapis.com/v1/projects/test-app-96812/secrets/STRIPE_SECRET_KEY/versions/latest 200
[debug] [2026-03-13T02:16:20.685Z] <<< [apiv2][body] GET https://secretmanager.googleapis.com/v1/projects/test-app-96812/secrets/STRIPE_SECRET_KEY/versions/latest {"name":"projects/729589639948/secrets/STRIPE_SECRET_KEY/versions/3","createTime":"2026-03-02T00:15:37.572491Z","state":"ENABLED","replicationStatus":{"automatic":{}},"etag":"\"164bff7c7cf88b\""}
[debug] [2026-03-13T02:16:20.686Z] Resolved secret version of STRIPE_SECRET_KEY to 3.
[debug] [2026-03-13T02:16:20.689Z] Checked if tokens are valid: true, expires at: 1773369594860
[debug] [2026-03-13T02:16:20.689Z] Checked if tokens are valid: true, expires at: 1773369594860
[debug] [2026-03-13T02:16:20.689Z] >>> [apiv2][query] GET https://cloudresourcemanager.googleapis.com/v1/projects/test-app-96812 [none]
[debug] [2026-03-13T02:16:20.955Z] <<< [apiv2][status] GET https://cloudresourcemanager.googleapis.com/v1/projects/test-app-96812 200
[debug] [2026-03-13T02:16:20.956Z] <<< [apiv2][body] GET https://cloudresourcemanager.googleapis.com/v1/projects/test-app-96812 {"projectNumber":"729589639948","projectId":"test-app-96812","lifecycleState":"ACTIVE","name":"Test app","labels":{"firebase":"enabled","firebase-core":"disabled"},"createTime":"2026-01-16T19:45:39.058009Z"}
[debug] [2026-03-13T02:16:20.961Z] Checked if tokens are valid: true, expires at: 1773369594860
[debug] [2026-03-13T02:16:20.961Z] Checked if tokens are valid: true, expires at: 1773369594860
[debug] [2026-03-13T02:16:20.961Z] >>> [apiv2][query] POST https://cloudfunctions.googleapis.com/v1/projects/test-app-96812/locations/us-central1/functions:generateUploadUrl [none]
[debug] [2026-03-13T02:16:20.961Z] >>> [apiv2][body] POST https://cloudfunctions.googleapis.com/v1/projects/test-app-96812/locations/us-central1/functions:generateUploadUrl {}
[debug] [2026-03-13T02:16:21.685Z] <<< [apiv2][status] POST https://cloudfunctions.googleapis.com/v1/projects/test-app-96812/locations/us-central1/functions:generateUploadUrl 200
[debug] [2026-03-13T02:16:21.686Z] <<< [apiv2][body] POST https://cloudfunctions.googleapis.com/v1/projects/test-app-96812/locations/us-central1/functions:generateUploadUrl {"uploadUrl":"https://storage.googleapis.com/uploads-602650464306.us-central1.cloudfunctions.appspot.com/fa372018-fd8b-46af-8e77-3fb435a8d52b.zip?GoogleAccessId=service-729589639948@gcf-admin-robot.iam.gserviceaccount.com&Expires=1773369981&Signature=S2%2FVD7HYlC3ii7F73SnXjZhmemJj9pYs5v3IZy5wObP13D281nsHHjLW%2FPf9njhMAIlEGDHH2mtEKS2IQPVa9idGqiJ%2FaAqxcuONKsom%2Fg0KlsYiXL8bzzAmpo8rk5WTSDioH8Gsn7%2FNV04KgMc8mhOTteMvTw50Od1SE7akSUMUbbSbzuMEE7QQut8VlWH%2B3Wmf5EYMnI9fBUZBfKiuOWrrCqLzx4kLjp6KMX1iHUUtdtiM3CT8Ae8BxooFoX7WaACZJ%2FNMr00zastAGH99hpNqzXEbVtIhwQayP2IlMIbkU3tTxgRdsMwHXqBKnHaVI15FIsYMNApmt7AFbIEbtQ%3D%3D"}
[debug] [2026-03-13T02:16:21.690Z] >>> [apiv2][query] PUT https://storage.googleapis.com/uploads-602650464306.us-central1.cloudfunctions.appspot.com/fa372018-fd8b-46af-8e77-3fb435a8d52b.zip GoogleAccessId=service-729589639948%40gcf-admin-robot.iam.gserviceaccount.com&Expires=1773369981&Signature=S2%2FVD7HYlC3ii7F73SnXjZhmemJj9pYs5v3IZy5wObP13D281nsHHjLW%2FPf9njhMAIlEGDHH2mtEKS2IQPVa9idGqiJ%2FaAqxcuONKsom%2Fg0KlsYiXL8bzzAmpo8rk5WTSDioH8Gsn7%2FNV04KgMc8mhOTteMvTw50Od1SE7akSUMUbbSbzuMEE7QQut8VlWH%2B3Wmf5EYMnI9fBUZBfKiuOWrrCqLzx4kLjp6KMX1iHUUtdtiM3CT8Ae8BxooFoX7WaACZJ%2FNMr00zastAGH99hpNqzXEbVtIhwQayP2IlMIbkU3tTxgRdsMwHXqBKnHaVI15FIsYMNApmt7AFbIEbtQ%3D%3D
[debug] [2026-03-13T02:16:21.690Z] >>> [apiv2][body] PUT https://storage.googleapis.com/uploads-602650464306.us-central1.cloudfunctions.appspot.com/fa372018-fd8b-46af-8e77-3fb435a8d52b.zip [stream]
[debug] [2026-03-13T02:16:22.082Z] <<< [apiv2][status] PUT https://storage.googleapis.com/uploads-602650464306.us-central1.cloudfunctions.appspot.com/fa372018-fd8b-46af-8e77-3fb435a8d52b.zip 200
[debug] [2026-03-13T02:16:22.082Z] <<< [apiv2][body] PUT https://storage.googleapis.com/uploads-602650464306.us-central1.cloudfunctions.appspot.com/fa372018-fd8b-46af-8e77-3fb435a8d52b.zip [omitted]
[info] ✔  functions: functions source uploaded successfully 
[info] 
The following functions are found in your project but do not exist in your local source code:
	createStripeDashboardLoginLink(us-central1)

If you are renaming a function or changing its region, it is recommended that you create the new function first before deleting the old one to prevent event loss. For more info, visit https://firebase.google.com/docs/functions/manage-functions#modify

